Forwarding from 127.0.0.1:8081 -> 8081
Forwarding from 127.0.0.1:8081 -> 8081
Forwarding from 127.0.0.1:8081 -> 8081
Handling connection for 8081
I0419 12:17:06.569640 3674100 log.go:244] (0xc000f800b0) (0xc0003183c0) Create stream
I0419 12:17:06.569697 3674100 log.go:244] (0xc000f800b0) (0xc0003183c0) Stream added, broadcasting: 1
I0419 12:17:06.579418 3674100 log.go:244] (0xc000f800b0) Reply frame received for 1
I0419 12:17:06.579451 3674100 log.go:244] (0xc0003183c0) (1) Writing data frame
I0419 12:17:06.579513 3674100 log.go:244] (0xc000f800b0) (0xc00071e280) Create stream
I0419 12:17:06.579518 3674100 log.go:244] (0xc000f800b0) (0xc00071e280) Stream added, broadcasting: 3
I0419 12:17:06.579764 3674100 log.go:244] (0xc000f800b0) Reply frame received for 3
I0419 12:17:06.579833 3674100 log.go:244] (0xc00071e280) (3) Writing data frame
I0419 12:17:06.585908 3674100 log.go:244] (0xc000f800b0) Data frame received for 3
I0419 12:17:06.585922 3674100 log.go:244] (0xc00071e280) (3) Data frame handling
I0419 12:17:06.585952 3674100 log.go:244] (0xc00071e280) (3) Data frame sent
I0419 12:17:06.586112 3674100 log.go:244] (0xc00071e280) (3) Writing data frame
I0419 12:17:06.586586 3674100 log.go:244] (0xc000f800b0) Data frame received for 1
I0419 12:17:06.586602 3674100 log.go:244] (0xc0003183c0) (1) Data frame handling
I0419 12:17:06.586609 3674100 log.go:244] (0xc000f800b0) (0xc0003183c0) Stream removed, broadcasting: 1
I0419 12:17:06.586616 3674100 log.go:244] (0xc000f800b0) Data frame received for 3
I0419 12:17:06.586620 3674100 log.go:244] (0xc00071e280) (3) Data frame handling
I0419 12:17:06.586623 3674100 log.go:244] (0xc000f800b0) (0xc00071e280) Stream removed, broadcasting: 3
I0419 12:17:06.586629 3674100 log.go:244] (0xc000f800b0) (0xc00071e280) Stream removed, broadcasting: 3
I0419 13:32:38.531556 3674100 log.go:244] frame read error: websocket: close 1006 (abnormal closure): unexpected EOF
error: lost connection to pod
Forwarding from 127.0.0.1:8081 -> 8081
Handling connection for 8081
I0419 13:38:06.916786 4059755 log.go:244] (0xc0007a20b0) (0xc0004c66e0) Create stream
I0419 13:38:06.916852 4059755 log.go:244] (0xc0007a20b0) (0xc0004c66e0) Stream added, broadcasting: 1
I0419 13:38:06.917733 4059755 log.go:244] (0xc0007a20b0) Reply frame received for 1
I0419 13:38:06.917759 4059755 log.go:244] (0xc0004c66e0) (1) Writing data frame
I0419 13:38:06.917815 4059755 log.go:244] (0xc0007a20b0) (0xc000799860) Create stream
I0419 13:38:06.917821 4059755 log.go:244] (0xc0007a20b0) (0xc000799860) Stream added, broadcasting: 3
I0419 13:38:06.917996 4059755 log.go:244] (0xc0007a20b0) Reply frame received for 3
I0419 13:38:06.918041 4059755 log.go:244] (0xc000799860) (3) Writing data frame
I0419 13:38:06.921802 4059755 log.go:244] (0xc0007a20b0) Data frame received for 3
I0419 13:38:06.921825 4059755 log.go:244] (0xc000799860) (3) Data frame handling
I0419 13:38:06.921832 4059755 log.go:244] (0xc000799860) (3) Data frame sent
I0419 13:38:06.921979 4059755 log.go:244] (0xc000799860) (3) Writing data frame
I0419 13:38:06.922558 4059755 log.go:244] (0xc0007a20b0) Data frame received for 1
I0419 13:38:06.922572 4059755 log.go:244] (0xc0007a20b0) Data frame received for 3
I0419 13:38:06.922590 4059755 log.go:244] (0xc000799860) (3) Data frame handling
I0419 13:38:06.922597 4059755 log.go:244] (0xc0007a20b0) (0xc000799860) Stream removed, broadcasting: 3
I0419 13:38:06.922605 4059755 log.go:244] (0xc0007a20b0) (0xc000799860) Stream removed, broadcasting: 3
I0419 13:38:06.922609 4059755 log.go:244] (0xc0004c66e0) (1) Data frame handling
I0419 13:38:06.922614 4059755 log.go:244] (0xc0007a20b0) (0xc0004c66e0) Stream removed, broadcasting: 1
I0419 14:12:28.251936 4059755 log.go:244] frame read error: websocket: close 1006 (abnormal closure): unexpected EOF
error: lost connection to pod
Forwarding from 127.0.0.1:8081 -> 8081
Handling connection for 8081
I0419 14:21:47.860949   90806 log.go:244] (0xc0008e62c0) (0xc0004f8140) Create stream
I0419 14:21:47.861027   90806 log.go:244] (0xc0008e62c0) (0xc0004f8140) Stream added, broadcasting: 1
I0419 14:21:47.862390   90806 log.go:244] (0xc0008e62c0) Reply frame received for 1
I0419 14:21:47.862417   90806 log.go:244] (0xc0004f8140) (1) Writing data frame
I0419 14:21:47.862470   90806 log.go:244] (0xc0008e62c0) (0xc0008cc000) Create stream
I0419 14:21:47.862475   90806 log.go:244] (0xc0008e62c0) (0xc0008cc000) Stream added, broadcasting: 3
I0419 14:21:47.862807   90806 log.go:244] (0xc0008e62c0) Reply frame received for 3
I0419 14:21:47.862848   90806 log.go:244] (0xc0008cc000) (3) Writing data frame
I0419 14:21:47.868142   90806 log.go:244] (0xc0008e62c0) Data frame received for 3
I0419 14:21:47.868180   90806 log.go:244] (0xc0008cc000) (3) Data frame handling
I0419 14:21:47.868186   90806 log.go:244] (0xc0008cc000) (3) Data frame sent
I0419 14:21:47.868412   90806 log.go:244] (0xc0008cc000) (3) Writing data frame
I0419 14:21:47.868950   90806 log.go:244] (0xc0008e62c0) Data frame received for 1
I0419 14:21:47.868961   90806 log.go:244] (0xc0004f8140) (1) Data frame handling
I0419 14:21:47.868973   90806 log.go:244] (0xc0008e62c0) (0xc0004f8140) Stream removed, broadcasting: 1
I0419 14:21:47.869041   90806 log.go:244] (0xc0008e62c0) Data frame received for 3
I0419 14:21:47.869055   90806 log.go:244] (0xc0008cc000) (3) Data frame handling
I0419 14:21:47.869061   90806 log.go:244] (0xc0008e62c0) (0xc0008cc000) Stream removed, broadcasting: 3
I0419 14:21:47.869070   90806 log.go:244] (0xc0008e62c0) (0xc0008cc000) Stream removed, broadcasting: 3
Handling connection for 8081
I0419 14:24:23.346749   90806 log.go:244] (0xc0008e62c0) (0xc0004f8140) Create stream
I0419 14:24:23.346762   90806 log.go:244] (0xc0008e62c0) (0xc0004f8140) Stream added, broadcasting: 5
I0419 14:24:23.347182   90806 log.go:244] (0xc0008e62c0) Reply frame received for 5
I0419 14:24:23.347198   90806 log.go:244] (0xc0004f8140) (5) Writing data frame
I0419 14:24:23.347234   90806 log.go:244] (0xc0008e62c0) (0xc0008cc000) Create stream
I0419 14:24:23.347240   90806 log.go:244] (0xc0008e62c0) (0xc0008cc000) Stream added, broadcasting: 7
I0419 14:24:23.347405   90806 log.go:244] (0xc0008e62c0) Reply frame received for 7
I0419 14:24:23.347440   90806 log.go:244] (0xc0008cc000) (7) Writing data frame
I0419 14:24:23.350542   90806 log.go:244] (0xc0008e62c0) Data frame received for 7
I0419 14:24:23.350555   90806 log.go:244] (0xc0008cc000) (7) Data frame handling
I0419 14:24:23.350560   90806 log.go:244] (0xc0008cc000) (7) Data frame sent
I0419 14:24:23.350563   90806 log.go:244] (0xc0008e62c0) Data frame received for 7
I0419 14:24:23.350565   90806 log.go:244] (0xc0008cc000) (7) Data frame handling
I0419 14:24:23.350591   90806 log.go:244] (0xc0008cc000) (7) Data frame sent
I0419 14:24:23.350653   90806 log.go:244] (0xc0008cc000) (7) Writing data frame
I0419 14:24:23.351069   90806 log.go:244] (0xc0008e62c0) Data frame received for 5
I0419 14:24:23.351073   90806 log.go:244] (0xc0004f8140) (5) Data frame handling
I0419 14:24:23.351078   90806 log.go:244] (0xc0008e62c0) (0xc0004f8140) Stream removed, broadcasting: 5
I0419 14:24:23.351082   90806 log.go:244] (0xc0008e62c0) Data frame received for 7
I0419 14:24:23.351085   90806 log.go:244] (0xc0008cc000) (7) Data frame handling
I0419 14:24:23.351088   90806 log.go:244] (0xc0008e62c0) (0xc0008cc000) Stream removed, broadcasting: 7
I0419 14:24:23.351091   90806 log.go:244] (0xc0008e62c0) (0xc0008cc000) Stream removed, broadcasting: 7
Forwarding from 127.0.0.1:8081 -> 8081
Forwarding from 127.0.0.1:8081 -> 8081
Forwarding from 127.0.0.1:8081 -> 8081
Forwarding from 127.0.0.1:8081 -> 8081
I0420 12:08:58.141828  825560 log.go:244] frame read error: websocket: close 1006 (abnormal closure): unexpected EOF
error: lost connection to pod
Forwarding from 127.0.0.1:8081 -> 8081
Forwarding from 127.0.0.1:8081 -> 8081
Forwarding from 127.0.0.1:8081 -> 8081
Forwarding from 127.0.0.1:8081 -> 8081
Handling connection for 8081
Handling connection for 8081
I0421 13:21:31.535514 3516280 log.go:244] (0xc000a900b0) (0xc0006a8320) Create stream
I0421 13:21:31.535567 3516280 log.go:244] (0xc000a900b0) (0xc0006a8320) Stream added, broadcasting: 1
I0421 13:21:31.535852 3516280 log.go:244] (0xc000a900b0) (0xc0006a83c0) Create stream
I0421 13:21:31.535861 3516280 log.go:244] (0xc000a900b0) (0xc0006a83c0) Stream added, broadcasting: 3
I0421 13:21:31.536384 3516280 log.go:244] (0xc000a900b0) Reply frame received for 1
I0421 13:21:31.536404 3516280 log.go:244] (0xc0006a8320) (1) Writing data frame
I0421 13:21:31.536441 3516280 log.go:244] (0xc000a900b0) Reply frame received for 3
I0421 13:21:31.536459 3516280 log.go:244] (0xc0006a83c0) (3) Writing data frame
I0421 13:21:31.536495 3516280 log.go:244] (0xc000a900b0) (0xc00021e640) Create stream
I0421 13:21:31.536501 3516280 log.go:244] (0xc000a900b0) (0xc00021e640) Stream added, broadcasting: 5
I0421 13:21:31.536545 3516280 log.go:244] (0xc000a900b0) (0xc00081c000) Create stream
I0421 13:21:31.536549 3516280 log.go:244] (0xc000a900b0) (0xc00081c000) Stream added, broadcasting: 7
I0421 13:21:31.536670 3516280 log.go:244] (0xc000a900b0) Reply frame received for 7
I0421 13:21:31.536685 3516280 log.go:244] (0xc000a900b0) Reply frame received for 5
I0421 13:21:31.536715 3516280 log.go:244] (0xc00021e640) (5) Writing data frame
I0421 13:21:31.536721 3516280 log.go:244] (0xc00081c000) (7) Writing data frame
I0421 13:21:31.537790 3516280 log.go:244] (0xc000a900b0) Data frame received for 1
I0421 13:21:31.537802 3516280 log.go:244] (0xc0006a8320) (1) Data frame handling
I0421 13:21:31.537806 3516280 log.go:244] (0xc0006a8320) (1) Data frame sent
I0421 13:21:31.537810 3516280 log.go:244] (0xc000a900b0) Data frame received for 1
I0421 13:21:31.537813 3516280 log.go:244] (0xc0006a8320) (1) Data frame handling
I0421 13:21:31.537817 3516280 log.go:244] (0xc000a900b0) (0xc0006a8320) Stream removed, broadcasting: 1
I0421 13:21:31.537835 3516280 log.go:244] (0xc000a900b0) Data frame received for 5
I0421 13:21:31.537838 3516280 log.go:244] (0xc00021e640) (5) Data frame handling
I0421 13:21:31.537843 3516280 log.go:244] (0xc000a900b0) (0xc00021e640) Stream removed, broadcasting: 5
E0421 13:21:31.538798 3516280 portforward.go:424] "Unhandled Error" err="an error occurred forwarding 8081 -> 8081: error forwarding port 8081 to pod 3f26a6c8eaebf43d638eece26fd4652d08a0c15ae62f224fb9786f050db24e91, uid : Error response from daemon: No such container: 3f26a6c8eaebf43d638eece26fd4652d08a0c15ae62f224fb9786f050db24e91"
I0421 13:21:31.538815 3516280 log.go:244] (0xc000a900b0) (0xc0006a8320) Stream removed, broadcasting: 1
I0421 13:21:31.538819 3516280 log.go:244] (0xc000a900b0) (0xc0006a83c0) Stream removed, broadcasting: 3
I0421 13:21:31.538826 3516280 log.go:244] (0xc000a900b0) (0xc00081c000) Stream removed, broadcasting: 7
I0421 13:21:31.538867 3516280 log.go:244] (0xc000a900b0) (0xc00021e640) Stream removed, broadcasting: 5
I0421 13:21:31.538893 3516280 log.go:244] (0xc000a900b0) (0xc00081c000) Stream removed, broadcasting: 7
I0421 13:21:31.538935 3516280 log.go:244] (0xc000a900b0) (0xc00021e640) Stream removed, broadcasting: 5
I0421 13:21:31.538940 3516280 log.go:244] (0xc000a900b0) (0xc00081c000) Stream removed, broadcasting: 7
I0421 13:21:31.538986 3516280 log.go:244] frame read error: read tcp 192.168.58.1:56250->192.168.58.2:8443: use of closed network connection
error: lost connection to pod
Forwarding from 127.0.0.1:8081 -> 8081
Forwarding from 127.0.0.1:8081 -> 8081
I0421 17:43:24.847808  978783 log.go:244] frame read error: read tcp 192.168.58.1:53130->192.168.58.2:8443: use of closed network connection
Forwarding from 127.0.0.1:8081 -> 8081
I0421 18:48:00.129051 1201629 log.go:244] frame read error: read tcp 192.168.58.1:50790->192.168.58.2:8443: use of closed network connection
Forwarding from 127.0.0.1:8081 -> 8081
I0421 18:54:13.053333 1342403 log.go:244] frame read error: read tcp 192.168.58.1:35070->192.168.58.2:8443: use of closed network connection
Forwarding from 127.0.0.1:8081 -> 8081
