Forwarding from 127.0.0.1:9090 -> 9090
Forwarding from 127.0.0.1:9090 -> 9090
Forwarding from 127.0.0.1:9090 -> 9090
I0419 13:32:38.532286 3673896 log.go:244] frame read error: websocket: close 1006 (abnormal closure): unexpected EOF
error: lost connection to pod
Forwarding from 127.0.0.1:9090 -> 9090
I0419 14:12:28.252199 4059550 log.go:244] frame read error: websocket: close 1006 (abnormal closure): unexpected EOF
error: lost connection to pod
Forwarding from 127.0.0.1:9090 -> 9090
Forwarding from 127.0.0.1:9090 -> 9090
Forwarding from 127.0.0.1:9090 -> 9090
Forwarding from 127.0.0.1:9090 -> 9090
Forwarding from 127.0.0.1:9090 -> 9090
I0420 12:08:58.142006  825353 log.go:244] frame read error: websocket: close 1006 (abnormal closure): unexpected EOF
error: lost connection to pod
Forwarding from 127.0.0.1:9090 -> 9090
Forwarding from 127.0.0.1:9090 -> 9090
Forwarding from 127.0.0.1:9090 -> 9090
Forwarding from 127.0.0.1:9090 -> 9090
Forwarding from 127.0.0.1:9090 -> 9090
Forwarding from 127.0.0.1:9090 -> 9090
Forwarding from 127.0.0.1:9090 -> 9090
Handling connection for 9090
I0421 18:29:48.991010 1201426 log.go:244] (0xc0006ec0b0) (0xc000673d60) Create stream
I0421 18:29:48.991129 1201426 log.go:244] (0xc0006ec0b0) (0xc000673d60) Stream added, broadcasting: 1
I0421 18:29:48.992462 1201426 log.go:244] (0xc0006ec0b0) Reply frame received for 1
I0421 18:29:48.992479 1201426 log.go:244] (0xc000673d60) (1) Writing data frame
I0421 18:29:48.992514 1201426 log.go:244] (0xc0006ec0b0) (0xc00047a1e0) Create stream
I0421 18:29:48.992517 1201426 log.go:244] (0xc0006ec0b0) (0xc00047a1e0) Stream added, broadcasting: 3
I0421 18:29:48.992691 1201426 log.go:244] (0xc0006ec0b0) Reply frame received for 3
I0421 18:29:48.992739 1201426 log.go:244] (0xc00047a1e0) (3) Writing data frame
I0421 18:29:48.997694 1201426 log.go:244] (0xc0006ec0b0) Data frame received for 3
I0421 18:29:48.997713 1201426 log.go:244] (0xc00047a1e0) (3) Data frame handling
I0421 18:29:48.997718 1201426 log.go:244] (0xc00047a1e0) (3) Data frame sent
I0421 18:29:48.997853 1201426 log.go:244] (0xc00047a1e0) (3) Writing data frame
I0421 18:29:48.998361 1201426 log.go:244] (0xc0006ec0b0) Data frame received for 1
I0421 18:29:48.998375 1201426 log.go:244] (0xc000673d60) (1) Data frame handling
I0421 18:29:48.998381 1201426 log.go:244] (0xc0006ec0b0) (0xc000673d60) Stream removed, broadcasting: 1
I0421 18:29:48.998386 1201426 log.go:244] (0xc0006ec0b0) Data frame received for 3
I0421 18:29:48.998390 1201426 log.go:244] (0xc00047a1e0) (3) Data frame handling
I0421 18:29:48.998392 1201426 log.go:244] (0xc0006ec0b0) (0xc00047a1e0) Stream removed, broadcasting: 3
I0421 18:29:48.998397 1201426 log.go:244] (0xc0006ec0b0) (0xc00047a1e0) Stream removed, broadcasting: 3
Handling connection for 9090
I0421 18:30:06.795085 1201426 log.go:244] (0xc0006ec0b0) (0xc00052e000) Create stream
I0421 18:30:06.795096 1201426 log.go:244] (0xc0006ec0b0) (0xc00052e000) Stream added, broadcasting: 5
I0421 18:30:06.795520 1201426 log.go:244] (0xc0006ec0b0) Reply frame received for 5
I0421 18:30:06.795539 1201426 log.go:244] (0xc00052e000) (5) Writing data frame
I0421 18:30:06.795576 1201426 log.go:244] (0xc0006ec0b0) (0xc00052e0a0) Create stream
I0421 18:30:06.795579 1201426 log.go:244] (0xc0006ec0b0) (0xc00052e0a0) Stream added, broadcasting: 7
I0421 18:30:06.795750 1201426 log.go:244] (0xc0006ec0b0) Reply frame received for 7
I0421 18:30:06.795782 1201426 log.go:244] (0xc00052e0a0) (7) Writing data frame
I0421 18:30:06.798683 1201426 log.go:244] (0xc0006ec0b0) Data frame received for 7
I0421 18:30:06.798695 1201426 log.go:244] (0xc00052e0a0) (7) Data frame handling
I0421 18:30:06.798700 1201426 log.go:244] (0xc00052e0a0) (7) Data frame sent
I0421 18:30:06.798774 1201426 log.go:244] (0xc00052e0a0) (7) Writing data frame
I0421 18:30:06.799127 1201426 log.go:244] (0xc0006ec0b0) Data frame received for 5
I0421 18:30:06.799132 1201426 log.go:244] (0xc00052e000) (5) Data frame handling
I0421 18:30:06.799137 1201426 log.go:244] (0xc0006ec0b0) (0xc00052e000) Stream removed, broadcasting: 5
I0421 18:30:06.799141 1201426 log.go:244] (0xc0006ec0b0) Data frame received for 7
I0421 18:30:06.799160 1201426 log.go:244] (0xc00052e0a0) (7) Data frame handling
I0421 18:30:06.799171 1201426 log.go:244] (0xc0006ec0b0) (0xc00052e0a0) Stream removed, broadcasting: 7
I0421 18:30:06.799183 1201426 log.go:244] (0xc0006ec0b0) (0xc00052e0a0) Stream removed, broadcasting: 7
Handling connection for 9090
I0421 18:30:21.302939 1201426 log.go:244] (0xc0006ec0b0) (0xc000672000) Create stream
I0421 18:30:21.302948 1201426 log.go:244] (0xc0006ec0b0) (0xc000672000) Stream added, broadcasting: 9
I0421 18:30:21.303342 1201426 log.go:244] (0xc0006ec0b0) Reply frame received for 9
I0421 18:30:21.303357 1201426 log.go:244] (0xc000672000) (9) Writing data frame
I0421 18:30:21.303384 1201426 log.go:244] (0xc0006ec0b0) (0xc0006aa000) Create stream
I0421 18:30:21.303388 1201426 log.go:244] (0xc0006ec0b0) (0xc0006aa000) Stream added, broadcasting: 11
I0421 18:30:21.303545 1201426 log.go:244] (0xc0006ec0b0) Reply frame received for 11
I0421 18:30:21.303605 1201426 log.go:244] (0xc0006aa000) (11) Writing data frame
I0421 18:30:21.306518 1201426 log.go:244] (0xc0006ec0b0) Data frame received for 11
I0421 18:30:21.306529 1201426 log.go:244] (0xc0006aa000) (11) Data frame handling
I0421 18:30:21.306533 1201426 log.go:244] (0xc0006aa000) (11) Data frame sent
I0421 18:30:21.306618 1201426 log.go:244] (0xc0006aa000) (11) Writing data frame
I0421 18:30:21.306979 1201426 log.go:244] (0xc0006ec0b0) Data frame received for 9
I0421 18:30:21.306987 1201426 log.go:244] (0xc000672000) (9) Data frame handling
I0421 18:30:21.306994 1201426 log.go:244] (0xc0006ec0b0) Data frame received for 11
I0421 18:30:21.307009 1201426 log.go:244] (0xc0006ec0b0) (0xc000672000) Stream removed, broadcasting: 9
I0421 18:30:21.307015 1201426 log.go:244] (0xc0006aa000) (11) Data frame handling
I0421 18:30:21.307019 1201426 log.go:244] (0xc0006ec0b0) (0xc0006aa000) Stream removed, broadcasting: 11
I0421 18:30:21.307023 1201426 log.go:244] (0xc0006ec0b0) (0xc0006aa000) Stream removed, broadcasting: 11
Handling connection for 9090
I0421 18:30:21.310221 1201426 log.go:244] (0xc0006ec0b0) (0xc00047a280) Create stream
I0421 18:30:21.310227 1201426 log.go:244] (0xc0006ec0b0) (0xc00047a280) Stream added, broadcasting: 13
I0421 18:30:21.310469 1201426 log.go:244] (0xc0006ec0b0) Reply frame received for 13
I0421 18:30:21.310484 1201426 log.go:244] (0xc00047a280) (13) Writing data frame
I0421 18:30:21.310509 1201426 log.go:244] (0xc0006ec0b0) (0xc00047a320) Create stream
I0421 18:30:21.310512 1201426 log.go:244] (0xc0006ec0b0) (0xc00047a320) Stream added, broadcasting: 15
I0421 18:30:21.310620 1201426 log.go:244] (0xc0006ec0b0) Reply frame received for 15
I0421 18:30:21.310646 1201426 log.go:244] (0xc00047a320) (15) Writing data frame
I0421 18:30:21.313258 1201426 log.go:244] (0xc0006ec0b0) Data frame received for 15
I0421 18:30:21.313265 1201426 log.go:244] (0xc00047a320) (15) Data frame handling
I0421 18:30:21.313269 1201426 log.go:244] (0xc00047a320) (15) Data frame sent
I0421 18:30:21.313332 1201426 log.go:244] (0xc00047a320) (15) Writing data frame
I0421 18:30:21.313690 1201426 log.go:244] (0xc0006ec0b0) Data frame received for 13
I0421 18:30:21.313694 1201426 log.go:244] (0xc00047a280) (13) Data frame handling
I0421 18:30:21.313698 1201426 log.go:244] (0xc0006ec0b0) (0xc00047a280) Stream removed, broadcasting: 13
I0421 18:30:21.313723 1201426 log.go:244] (0xc0006ec0b0) Data frame received for 15
I0421 18:30:21.313725 1201426 log.go:244] (0xc00047a320) (15) Data frame handling
I0421 18:30:21.313727 1201426 log.go:244] (0xc0006ec0b0) (0xc00047a320) Stream removed, broadcasting: 15
I0421 18:30:21.313737 1201426 log.go:244] (0xc0006ec0b0) (0xc00047a320) Stream removed, broadcasting: 15
Handling connection for 9090
I0421 18:30:21.316142 1201426 log.go:244] (0xc0006ec0b0) (0xc0006720a0) Create stream
I0421 18:30:21.316149 1201426 log.go:244] (0xc0006ec0b0) (0xc0006720a0) Stream added, broadcasting: 17
I0421 18:30:21.316359 1201426 log.go:244] (0xc0006ec0b0) Reply frame received for 17
I0421 18:30:21.316371 1201426 log.go:244] (0xc0006720a0) (17) Writing data frame
I0421 18:30:21.316396 1201426 log.go:244] (0xc0006ec0b0) (0xc00047a500) Create stream
I0421 18:30:21.316403 1201426 log.go:244] (0xc0006ec0b0) (0xc00047a500) Stream added, broadcasting: 19
I0421 18:30:21.316506 1201426 log.go:244] (0xc0006ec0b0) Reply frame received for 19
I0421 18:30:21.316522 1201426 log.go:244] (0xc00047a500) (19) Writing data frame
I0421 18:30:21.318735 1201426 log.go:244] (0xc0006ec0b0) Data frame received for 19
I0421 18:30:21.318744 1201426 log.go:244] (0xc00047a500) (19) Data frame handling
I0421 18:30:21.318747 1201426 log.go:244] (0xc00047a500) (19) Data frame sent
I0421 18:30:21.318808 1201426 log.go:244] (0xc00047a500) (19) Writing data frame
I0421 18:30:21.319072 1201426 log.go:244] (0xc0006ec0b0) Data frame received for 17
I0421 18:30:21.319079 1201426 log.go:244] (0xc0006720a0) (17) Data frame handling
I0421 18:30:21.319082 1201426 log.go:244] (0xc0006ec0b0) (0xc0006720a0) Stream removed, broadcasting: 17
I0421 18:30:21.319085 1201426 log.go:244] (0xc0006ec0b0) Data frame received for 19
I0421 18:30:21.319087 1201426 log.go:244] (0xc00047a500) (19) Data frame handling
I0421 18:30:21.319089 1201426 log.go:244] (0xc0006ec0b0) (0xc00047a500) Stream removed, broadcasting: 19
I0421 18:30:21.319092 1201426 log.go:244] (0xc0006ec0b0) (0xc00047a500) Stream removed, broadcasting: 19
Handling connection for 9090
I0421 18:30:30.324135 1201426 log.go:244] (0xc0006ec0b0) (0xc00047a5a0) Create stream
I0421 18:30:30.324148 1201426 log.go:244] (0xc0006ec0b0) (0xc00047a5a0) Stream added, broadcasting: 21
I0421 18:30:30.324585 1201426 log.go:244] (0xc0006ec0b0) Reply frame received for 21
I0421 18:30:30.324601 1201426 log.go:244] (0xc00047a5a0) (21) Writing data frame
I0421 18:30:30.324635 1201426 log.go:244] (0xc0006ec0b0) (0xc00047a6e0) Create stream
I0421 18:30:30.324639 1201426 log.go:244] (0xc0006ec0b0) (0xc00047a6e0) Stream added, broadcasting: 23
I0421 18:30:30.324756 1201426 log.go:244] (0xc0006ec0b0) Reply frame received for 23
I0421 18:30:30.324782 1201426 log.go:244] (0xc00047a6e0) (23) Writing data frame
I0421 18:30:30.332237 1201426 log.go:244] (0xc0006ec0b0) Data frame received for 23
I0421 18:30:30.332251 1201426 log.go:244] (0xc00047a6e0) (23) Data frame handling
I0421 18:30:30.332257 1201426 log.go:244] (0xc00047a6e0) (23) Data frame sent
I0421 18:30:30.332373 1201426 log.go:244] (0xc00047a6e0) (23) Writing data frame
I0421 18:30:30.332981 1201426 log.go:244] (0xc0006ec0b0) Data frame received for 21
I0421 18:30:30.332994 1201426 log.go:244] (0xc00047a5a0) (21) Data frame handling
I0421 18:30:30.332999 1201426 log.go:244] (0xc0006ec0b0) (0xc00047a5a0) Stream removed, broadcasting: 21
I0421 18:30:30.333004 1201426 log.go:244] (0xc0006ec0b0) Data frame received for 23
I0421 18:30:30.333006 1201426 log.go:244] (0xc00047a6e0) (23) Data frame handling
I0421 18:30:30.333009 1201426 log.go:244] (0xc0006ec0b0) (0xc00047a6e0) Stream removed, broadcasting: 23
I0421 18:30:30.333013 1201426 log.go:244] (0xc0006ec0b0) (0xc00047a6e0) Stream removed, broadcasting: 23
Handling connection for 9090
I0421 18:30:30.333162 1201426 log.go:244] (0xc0006ec0b0) (0xc0006aa0a0) Create stream
I0421 18:30:30.333167 1201426 log.go:244] (0xc0006ec0b0) (0xc0006aa0a0) Stream added, broadcasting: 25
I0421 18:30:30.333350 1201426 log.go:244] (0xc0006ec0b0) Reply frame received for 25
I0421 18:30:30.333356 1201426 log.go:244] (0xc0006aa0a0) (25) Writing data frame
I0421 18:30:30.333380 1201426 log.go:244] (0xc0006ec0b0) (0xc00052e140) Create stream
I0421 18:30:30.333385 1201426 log.go:244] (0xc0006ec0b0) (0xc00052e140) Stream added, broadcasting: 27
I0421 18:30:30.333509 1201426 log.go:244] (0xc0006ec0b0) Reply frame received for 27
I0421 18:30:30.333533 1201426 log.go:244] (0xc00052e140) (27) Writing data frame
I0421 18:30:30.336501 1201426 log.go:244] (0xc0006ec0b0) Data frame received for 27
I0421 18:30:30.336511 1201426 log.go:244] (0xc00052e140) (27) Data frame handling
I0421 18:30:30.336516 1201426 log.go:244] (0xc00052e140) (27) Data frame sent
I0421 18:30:30.336942 1201426 log.go:244] (0xc0006ec0b0) Data frame received for 27
I0421 18:30:30.336959 1201426 log.go:244] (0xc00052e140) (27) Data frame handling
I0421 18:30:30.336970 1201426 log.go:244] (0xc00052e140) (27) Data frame sent
I0421 18:30:30.336974 1201426 log.go:244] (0xc0006ec0b0) Data frame received for 27
I0421 18:30:30.336976 1201426 log.go:244] (0xc00052e140) (27) Data frame handling
I0421 18:30:30.336993 1201426 log.go:244] (0xc00052e140) (27) Data frame sent
I0421 18:30:30.337038 1201426 log.go:244] (0xc00052e140) (27) Writing data frame
I0421 18:30:30.337370 1201426 log.go:244] (0xc0006ec0b0) Data frame received for 25
I0421 18:30:30.337376 1201426 log.go:244] (0xc0006aa0a0) (25) Data frame handling
I0421 18:30:30.337380 1201426 log.go:244] (0xc0006ec0b0) (0xc0006aa0a0) Stream removed, broadcasting: 25
I0421 18:30:30.337385 1201426 log.go:244] (0xc0006ec0b0) Data frame received for 27
I0421 18:30:30.337388 1201426 log.go:244] (0xc00052e140) (27) Data frame handling
I0421 18:30:30.337390 1201426 log.go:244] (0xc0006ec0b0) (0xc00052e140) Stream removed, broadcasting: 27
I0421 18:30:30.337395 1201426 log.go:244] (0xc0006ec0b0) (0xc00052e140) Stream removed, broadcasting: 27
Handling connection for 9090
I0421 18:31:13.791925 1201426 log.go:244] (0xc0006ec0b0) (0xc00052e280) Create stream
I0421 18:31:13.791935 1201426 log.go:244] (0xc0006ec0b0) (0xc00052e280) Stream added, broadcasting: 29
I0421 18:31:13.792308 1201426 log.go:244] (0xc0006ec0b0) Reply frame received for 29
I0421 18:31:13.792323 1201426 log.go:244] (0xc00052e280) (29) Writing data frame
I0421 18:31:13.792345 1201426 log.go:244] (0xc0006ec0b0) (0xc0006aa140) Create stream
I0421 18:31:13.792348 1201426 log.go:244] (0xc0006ec0b0) (0xc0006aa140) Stream added, broadcasting: 31
I0421 18:31:13.792480 1201426 log.go:244] (0xc0006ec0b0) Reply frame received for 31
I0421 18:31:13.792504 1201426 log.go:244] (0xc0006aa140) (31) Writing data frame
I0421 18:31:13.797683 1201426 log.go:244] (0xc0006ec0b0) Data frame received for 31
I0421 18:31:13.797708 1201426 log.go:244] (0xc0006aa140) (31) Data frame handling
I0421 18:31:13.797714 1201426 log.go:244] (0xc0006aa140) (31) Data frame sent
I0421 18:31:13.797717 1201426 log.go:244] (0xc0006ec0b0) Data frame received for 31
I0421 18:31:13.797720 1201426 log.go:244] (0xc0006aa140) (31) Data frame handling
I0421 18:31:13.797771 1201426 log.go:244] (0xc0006aa140) (31) Data frame sent
I0421 18:31:13.797781 1201426 log.go:244] (0xc0006ec0b0) Data frame received for 31
I0421 18:31:13.797784 1201426 log.go:244] (0xc0006aa140) (31) Data frame handling
I0421 18:31:13.797787 1201426 log.go:244] (0xc0006aa140) (31) Data frame sent
I0421 18:31:13.797813 1201426 log.go:244] (0xc0006aa140) (31) Writing data frame
I0421 18:31:13.798251 1201426 log.go:244] (0xc0006ec0b0) Data frame received for 31
I0421 18:31:13.798257 1201426 log.go:244] (0xc0006ec0b0) Data frame received for 29
I0421 18:31:13.798262 1201426 log.go:244] (0xc00052e280) (29) Data frame handling
I0421 18:31:13.798267 1201426 log.go:244] (0xc0006ec0b0) (0xc00052e280) Stream removed, broadcasting: 29
I0421 18:31:13.798271 1201426 log.go:244] (0xc0006aa140) (31) Data frame handling
I0421 18:31:13.798274 1201426 log.go:244] (0xc0006ec0b0) (0xc0006aa140) Stream removed, broadcasting: 31
I0421 18:31:13.798278 1201426 log.go:244] (0xc0006ec0b0) (0xc0006aa140) Stream removed, broadcasting: 31
Handling connection for 9090
I0421 18:31:13.817433 1201426 log.go:244] (0xc0006ec0b0) (0xc00052e320) Create stream
I0421 18:31:13.817442 1201426 log.go:244] (0xc0006ec0b0) (0xc00052e320) Stream added, broadcasting: 33
I0421 18:31:13.817846 1201426 log.go:244] (0xc0006ec0b0) Reply frame received for 33
I0421 18:31:13.817860 1201426 log.go:244] (0xc00052e320) (33) Writing data frame
I0421 18:31:13.817889 1201426 log.go:244] (0xc0006ec0b0) (0xc00047a820) Create stream
I0421 18:31:13.817892 1201426 log.go:244] (0xc0006ec0b0) (0xc00047a820) Stream added, broadcasting: 35
I0421 18:31:13.818069 1201426 log.go:244] (0xc0006ec0b0) Reply frame received for 35
I0421 18:31:13.818115 1201426 log.go:244] (0xc00047a820) (35) Writing data frame
I0421 18:31:13.823881 1201426 log.go:244] (0xc0006ec0b0) Data frame received for 35
I0421 18:31:13.823898 1201426 log.go:244] (0xc00047a820) (35) Data frame handling
I0421 18:31:13.823903 1201426 log.go:244] (0xc00047a820) (35) Data frame sent
I0421 18:31:13.823985 1201426 log.go:244] (0xc00047a820) (35) Writing data frame
I0421 18:31:13.824464 1201426 log.go:244] (0xc0006ec0b0) Data frame received for 33
I0421 18:31:13.824476 1201426 log.go:244] (0xc00052e320) (33) Data frame handling
I0421 18:31:13.824481 1201426 log.go:244] (0xc0006ec0b0) (0xc00052e320) Stream removed, broadcasting: 33
I0421 18:31:13.824485 1201426 log.go:244] (0xc0006ec0b0) Data frame received for 35
I0421 18:31:13.824489 1201426 log.go:244] (0xc00047a820) (35) Data frame handling
I0421 18:31:13.824491 1201426 log.go:244] (0xc0006ec0b0) (0xc00047a820) Stream removed, broadcasting: 35
I0421 18:31:13.824496 1201426 log.go:244] (0xc0006ec0b0) (0xc00047a820) Stream removed, broadcasting: 35
Handling connection for 9090
I0421 18:34:15.148569 1201426 log.go:244] (0xc0006ec0b0) (0xc0006aa000) Create stream
I0421 18:34:15.148584 1201426 log.go:244] (0xc0006ec0b0) (0xc0006aa000) Stream added, broadcasting: 37
I0421 18:34:15.148954 1201426 log.go:244] (0xc0006ec0b0) Reply frame received for 37
I0421 18:34:15.148971 1201426 log.go:244] (0xc0006aa000) (37) Writing data frame
I0421 18:34:15.149008 1201426 log.go:244] (0xc0006ec0b0) (0xc000672000) Create stream
I0421 18:34:15.149012 1201426 log.go:244] (0xc0006ec0b0) (0xc000672000) Stream added, broadcasting: 39
I0421 18:34:15.149187 1201426 log.go:244] (0xc0006ec0b0) Reply frame received for 39
I0421 18:34:15.149218 1201426 log.go:244] (0xc000672000) (39) Writing data frame
I0421 18:34:15.153988 1201426 log.go:244] (0xc0006ec0b0) Data frame received for 39
I0421 18:34:15.153999 1201426 log.go:244] (0xc000672000) (39) Data frame handling
I0421 18:34:15.154004 1201426 log.go:244] (0xc000672000) (39) Data frame sent
I0421 18:34:15.154083 1201426 log.go:244] (0xc000672000) (39) Writing data frame
I0421 18:34:15.154411 1201426 log.go:244] (0xc0006ec0b0) Data frame received for 39
I0421 18:34:15.154420 1201426 log.go:244] (0xc000672000) (39) Data frame handling
I0421 18:34:15.154424 1201426 log.go:244] (0xc0006ec0b0) Data frame received for 37
I0421 18:34:15.154432 1201426 log.go:244] (0xc0006ec0b0) (0xc000672000) Stream removed, broadcasting: 39
I0421 18:34:15.154437 1201426 log.go:244] (0xc0006aa000) (37) Data frame handling
I0421 18:34:15.154442 1201426 log.go:244] (0xc0006ec0b0) (0xc000672000) Stream removed, broadcasting: 39
I0421 18:34:15.154463 1201426 log.go:244] (0xc0006ec0b0) (0xc0006aa000) Stream removed, broadcasting: 37
Forwarding from 127.0.0.1:9090 -> 9090
Handling connection for 9090
I0421 18:53:13.304938 1342217 log.go:244] (0xc0009a0bb0) (0xc00080e6e0) Create stream
I0421 18:53:13.305006 1342217 log.go:244] (0xc0009a0bb0) (0xc00080e6e0) Stream added, broadcasting: 1
I0421 18:53:13.306352 1342217 log.go:244] (0xc0009a0bb0) Reply frame received for 1
I0421 18:53:13.306372 1342217 log.go:244] (0xc00080e6e0) (1) Writing data frame
I0421 18:53:13.306406 1342217 log.go:244] (0xc0009a0bb0) (0xc00080e000) Create stream
I0421 18:53:13.306410 1342217 log.go:244] (0xc0009a0bb0) (0xc00080e000) Stream added, broadcasting: 3
I0421 18:53:13.306562 1342217 log.go:244] (0xc0009a0bb0) Reply frame received for 3
I0421 18:53:13.306599 1342217 log.go:244] (0xc00080e000) (3) Writing data frame
I0421 18:53:13.310040 1342217 log.go:244] (0xc0009a0bb0) Data frame received for 3
I0421 18:53:13.310052 1342217 log.go:244] (0xc00080e000) (3) Data frame handling
I0421 18:53:13.310056 1342217 log.go:244] (0xc00080e000) (3) Data frame sent
I0421 18:53:13.310184 1342217 log.go:244] (0xc00080e000) (3) Writing data frame
I0421 18:53:13.310644 1342217 log.go:244] (0xc0009a0bb0) Data frame received for 3
I0421 18:53:13.310656 1342217 log.go:244] (0xc00080e000) (3) Data frame handling
I0421 18:53:13.310661 1342217 log.go:244] (0xc0009a0bb0) Data frame received for 1
I0421 18:53:13.310673 1342217 log.go:244] (0xc0009a0bb0) (0xc00080e000) Stream removed, broadcasting: 3
I0421 18:53:13.310685 1342217 log.go:244] (0xc00080e6e0) (1) Data frame handling
I0421 18:53:13.310697 1342217 log.go:244] (0xc0009a0bb0) (0xc00080e000) Stream removed, broadcasting: 3
I0421 18:53:13.310730 1342217 log.go:244] (0xc0009a0bb0) (0xc00080e6e0) Stream removed, broadcasting: 1
Handling connection for 9090
I0421 18:53:21.076411 1342217 log.go:244] (0xc0009a0bb0) (0xc00088e000) Create stream
I0421 18:53:21.076422 1342217 log.go:244] (0xc0009a0bb0) (0xc00088e000) Stream added, broadcasting: 5
I0421 18:53:21.076797 1342217 log.go:244] (0xc0009a0bb0) Reply frame received for 5
I0421 18:53:21.076811 1342217 log.go:244] (0xc00088e000) (5) Writing data frame
I0421 18:53:21.076863 1342217 log.go:244] (0xc0009a0bb0) (0xc0006fe0a0) Create stream
I0421 18:53:21.076875 1342217 log.go:244] (0xc0009a0bb0) (0xc0006fe0a0) Stream added, broadcasting: 7
I0421 18:53:21.077003 1342217 log.go:244] (0xc0009a0bb0) Reply frame received for 7
I0421 18:53:21.077028 1342217 log.go:244] (0xc0006fe0a0) (7) Writing data frame
I0421 18:53:21.095675 1342217 log.go:244] (0xc0009a0bb0) Data frame received for 7
I0421 18:53:21.095698 1342217 log.go:244] (0xc0006fe0a0) (7) Data frame handling
I0421 18:53:21.095704 1342217 log.go:244] (0xc0006fe0a0) (7) Data frame sent
I0421 18:53:21.095818 1342217 log.go:244] (0xc0006fe0a0) (7) Writing data frame
I0421 18:53:21.096348 1342217 log.go:244] (0xc0009a0bb0) Data frame received for 7
I0421 18:53:21.096354 1342217 log.go:244] (0xc0006fe0a0) (7) Data frame handling
I0421 18:53:21.096358 1342217 log.go:244] (0xc0009a0bb0) (0xc0006fe0a0) Stream removed, broadcasting: 7
I0421 18:53:21.096364 1342217 log.go:244] (0xc0009a0bb0) (0xc0006fe0a0) Stream removed, broadcasting: 7
I0421 18:53:21.096367 1342217 log.go:244] (0xc0009a0bb0) Data frame received for 5
I0421 18:53:21.096372 1342217 log.go:244] (0xc00088e000) (5) Data frame handling
I0421 18:53:21.096375 1342217 log.go:244] (0xc0009a0bb0) (0xc00088e000) Stream removed, broadcasting: 5
Handling connection for 9090
I0421 18:53:31.021945 1342217 log.go:244] (0xc0009a0bb0) (0xc00088e0a0) Create stream
I0421 18:53:31.021958 1342217 log.go:244] (0xc0009a0bb0) (0xc00088e0a0) Stream added, broadcasting: 9
I0421 18:53:31.022357 1342217 log.go:244] (0xc0009a0bb0) Reply frame received for 9
I0421 18:53:31.022375 1342217 log.go:244] (0xc00088e0a0) (9) Writing data frame
I0421 18:53:31.022411 1342217 log.go:244] (0xc0009a0bb0) (0xc0006fe1e0) Create stream
I0421 18:53:31.022414 1342217 log.go:244] (0xc0009a0bb0) (0xc0006fe1e0) Stream added, broadcasting: 11
I0421 18:53:31.022558 1342217 log.go:244] (0xc0009a0bb0) Reply frame received for 11
I0421 18:53:31.022596 1342217 log.go:244] (0xc0006fe1e0) (11) Writing data frame
I0421 18:53:31.025694 1342217 log.go:244] (0xc0009a0bb0) Data frame received for 11
I0421 18:53:31.025707 1342217 log.go:244] (0xc0006fe1e0) (11) Data frame handling
I0421 18:53:31.025712 1342217 log.go:244] (0xc0006fe1e0) (11) Data frame sent
I0421 18:53:31.025809 1342217 log.go:244] (0xc0006fe1e0) (11) Writing data frame
I0421 18:53:31.026163 1342217 log.go:244] (0xc0009a0bb0) Data frame received for 9
I0421 18:53:31.026168 1342217 log.go:244] (0xc00088e0a0) (9) Data frame handling
I0421 18:53:31.026173 1342217 log.go:244] (0xc0009a0bb0) (0xc00088e0a0) Stream removed, broadcasting: 9
I0421 18:53:31.026187 1342217 log.go:244] (0xc0009a0bb0) Data frame received for 11
I0421 18:53:31.026198 1342217 log.go:244] (0xc0006fe1e0) (11) Data frame handling
I0421 18:53:31.026202 1342217 log.go:244] (0xc0009a0bb0) (0xc0006fe1e0) Stream removed, broadcasting: 11
I0421 18:53:31.026206 1342217 log.go:244] (0xc0009a0bb0) (0xc0006fe1e0) Stream removed, broadcasting: 11
Handling connection for 9090
I0421 18:53:38.254397 1342217 log.go:244] (0xc0009a0bb0) (0xc0006fe3c0) Create stream
I0421 18:53:38.254409 1342217 log.go:244] (0xc0009a0bb0) (0xc0006fe3c0) Stream added, broadcasting: 13
I0421 18:53:38.254912 1342217 log.go:244] (0xc0009a0bb0) Reply frame received for 13
I0421 18:53:38.254940 1342217 log.go:244] (0xc0006fe3c0) (13) Writing data frame
Handling connection for 9090
I0421 18:53:38.255001 1342217 log.go:244] (0xc0009a0bb0) (0xc00088e140) Create stream
I0421 18:53:38.255019 1342217 log.go:244] (0xc0009a0bb0) (0xc00088e140) Stream added, broadcasting: 15
I0421 18:53:38.255075 1342217 log.go:244] (0xc0009a0bb0) (0xc00088e1e0) Create stream
I0421 18:53:38.255078 1342217 log.go:244] (0xc0009a0bb0) (0xc00088e1e0) Stream added, broadcasting: 17
I0421 18:53:38.255227 1342217 log.go:244] (0xc0009a0bb0) Reply frame received for 15
I0421 18:53:38.255242 1342217 log.go:244] (0xc0009a0bb0) Reply frame received for 17
I0421 18:53:38.255250 1342217 log.go:244] (0xc00088e1e0) (17) Writing data frame
I0421 18:53:38.255262 1342217 log.go:244] (0xc00088e140) (15) Writing data frame
I0421 18:53:38.255267 1342217 log.go:244] (0xc0009a0bb0) (0xc0006fe500) Create stream
I0421 18:53:38.255269 1342217 log.go:244] (0xc0009a0bb0) (0xc0006fe500) Stream added, broadcasting: 19
I0421 18:53:38.255480 1342217 log.go:244] (0xc0009a0bb0) Reply frame received for 19
I0421 18:53:38.255521 1342217 log.go:244] (0xc0006fe500) (19) Writing data frame
I0421 18:53:38.258485 1342217 log.go:244] (0xc0009a0bb0) Data frame received for 15
I0421 18:53:38.258506 1342217 log.go:244] (0xc00088e140) (15) Data frame handling
I0421 18:53:38.258513 1342217 log.go:244] (0xc00088e140) (15) Data frame sent
I0421 18:53:38.258546 1342217 log.go:244] (0xc0009a0bb0) Data frame received for 19
I0421 18:53:38.258553 1342217 log.go:244] (0xc0006fe500) (19) Data frame handling
I0421 18:53:38.258556 1342217 log.go:244] (0xc0006fe500) (19) Data frame sent
I0421 18:53:38.258622 1342217 log.go:244] (0xc00088e140) (15) Writing data frame
I0421 18:53:38.258673 1342217 log.go:244] (0xc0006fe500) (19) Writing data frame
I0421 18:53:38.259034 1342217 log.go:244] (0xc0009a0bb0) Data frame received for 13
I0421 18:53:38.259050 1342217 log.go:244] (0xc0009a0bb0) Data frame received for 19
I0421 18:53:38.259064 1342217 log.go:244] (0xc0006fe500) (19) Data frame handling
I0421 18:53:38.259071 1342217 log.go:244] (0xc0009a0bb0) (0xc0006fe500) Stream removed, broadcasting: 19
I0421 18:53:38.259077 1342217 log.go:244] (0xc0009a0bb0) (0xc0006fe500) Stream removed, broadcasting: 19
I0421 18:53:38.259086 1342217 log.go:244] (0xc0006fe3c0) (13) Data frame handling
I0421 18:53:38.259111 1342217 log.go:244] (0xc0009a0bb0) Data frame received for 15
I0421 18:53:38.259128 1342217 log.go:244] (0xc0009a0bb0) Data frame received for 17
I0421 18:53:38.259133 1342217 log.go:244] (0xc0009a0bb0) (0xc0006fe3c0) Stream removed, broadcasting: 13
I0421 18:53:38.259140 1342217 log.go:244] (0xc00088e1e0) (17) Data frame handling
I0421 18:53:38.259150 1342217 log.go:244] (0xc00088e140) (15) Data frame handling
I0421 18:53:38.259153 1342217 log.go:244] (0xc0009a0bb0) (0xc00088e140) Stream removed, broadcasting: 15
I0421 18:53:38.259158 1342217 log.go:244] (0xc0009a0bb0) (0xc00088e140) Stream removed, broadcasting: 15
I0421 18:53:38.259189 1342217 log.go:244] (0xc0009a0bb0) (0xc00088e1e0) Stream removed, broadcasting: 17
Handling connection for 9090
I0421 18:53:38.280224 1342217 log.go:244] (0xc0009a0bb0) (0xc000a00000) Create stream
I0421 18:53:38.280258 1342217 log.go:244] (0xc0009a0bb0) (0xc000a00000) Stream added, broadcasting: 21
I0421 18:53:38.280688 1342217 log.go:244] (0xc0009a0bb0) Reply frame received for 21
I0421 18:53:38.280699 1342217 log.go:244] (0xc000a00000) (21) Writing data frame
I0421 18:53:38.280725 1342217 log.go:244] (0xc0009a0bb0) (0xc000a000a0) Create stream
I0421 18:53:38.280729 1342217 log.go:244] (0xc0009a0bb0) (0xc000a000a0) Stream added, broadcasting: 23
I0421 18:53:38.280926 1342217 log.go:244] (0xc0009a0bb0) Reply frame received for 23
I0421 18:53:38.280958 1342217 log.go:244] (0xc000a000a0) (23) Writing data frame
I0421 18:53:38.284396 1342217 log.go:244] (0xc0009a0bb0) Data frame received for 23
I0421 18:53:38.284416 1342217 log.go:244] (0xc000a000a0) (23) Data frame handling
I0421 18:53:38.284424 1342217 log.go:244] (0xc000a000a0) (23) Data frame sent
I0421 18:53:38.284539 1342217 log.go:244] (0xc000a000a0) (23) Writing data frame
I0421 18:53:38.284998 1342217 log.go:244] (0xc0009a0bb0) Data frame received for 21
I0421 18:53:38.285025 1342217 log.go:244] (0xc000a00000) (21) Data frame handling
I0421 18:53:38.285032 1342217 log.go:244] (0xc0009a0bb0) (0xc000a00000) Stream removed, broadcasting: 21
I0421 18:53:38.285038 1342217 log.go:244] (0xc0009a0bb0) Data frame received for 23
I0421 18:53:38.285042 1342217 log.go:244] (0xc000a000a0) (23) Data frame handling
I0421 18:53:38.285045 1342217 log.go:244] (0xc0009a0bb0) (0xc000a000a0) Stream removed, broadcasting: 23
I0421 18:53:38.285050 1342217 log.go:244] (0xc0009a0bb0) (0xc000a000a0) Stream removed, broadcasting: 23
Handling connection for 9090
I0421 18:54:01.253411 1342217 log.go:244] (0xc0009a0bb0) (0xc00088e280) Create stream
I0421 18:54:01.253421 1342217 log.go:244] (0xc0009a0bb0) (0xc00088e280) Stream added, broadcasting: 25
I0421 18:54:01.253842 1342217 log.go:244] (0xc0009a0bb0) Reply frame received for 25
I0421 18:54:01.253858 1342217 log.go:244] (0xc00088e280) (25) Writing data frame
I0421 18:54:01.253888 1342217 log.go:244] (0xc0009a0bb0) (0xc000a00140) Create stream
I0421 18:54:01.253891 1342217 log.go:244] (0xc0009a0bb0) (0xc000a00140) Stream added, broadcasting: 27
I0421 18:54:01.254011 1342217 log.go:244] (0xc0009a0bb0) Reply frame received for 27
I0421 18:54:01.254035 1342217 log.go:244] (0xc000a00140) (27) Writing data frame
I0421 18:54:01.258875 1342217 log.go:244] (0xc0009a0bb0) Data frame received for 27
I0421 18:54:01.258887 1342217 log.go:244] (0xc000a00140) (27) Data frame handling
I0421 18:54:01.258891 1342217 log.go:244] (0xc000a00140) (27) Data frame sent
I0421 18:54:01.258973 1342217 log.go:244] (0xc000a00140) (27) Writing data frame
I0421 18:54:01.259342 1342217 log.go:244] (0xc0009a0bb0) Data frame received for 27
I0421 18:54:01.259348 1342217 log.go:244] (0xc0009a0bb0) Data frame received for 25
I0421 18:54:01.259355 1342217 log.go:244] (0xc00088e280) (25) Data frame handling
I0421 18:54:01.259357 1342217 log.go:244] (0xc000a00140) (27) Data frame handling
I0421 18:54:01.259359 1342217 log.go:244] (0xc0009a0bb0) (0xc00088e280) Stream removed, broadcasting: 25
I0421 18:54:01.259363 1342217 log.go:244] (0xc0009a0bb0) (0xc000a00140) Stream removed, broadcasting: 27
I0421 18:54:01.259366 1342217 log.go:244] (0xc0009a0bb0) (0xc000a00140) Stream removed, broadcasting: 27
