error: unable to forward port because pod is not running. Current status=Pending
Forwarding from 127.0.0.1:6379 -> 6379
Forwarding from 127.0.0.1:6379 -> 6379
Forwarding from 127.0.0.1:6379 -> 6379
Forwarding from 127.0.0.1:6379 -> 6379
Forwarding from 127.0.0.1:6379 -> 6379
Forwarding from 127.0.0.1:6379 -> 6379
Forwarding from 127.0.0.1:6379 -> 6379
Forwarding from 127.0.0.1:6379 -> 6379
Handling connection for 6379
I0414 12:35:36.845876  137812 log.go:244] (0xc000166bb0) (0xc000811040) Create stream
I0414 12:35:36.845951  137812 log.go:244] (0xc000166bb0) (0xc000811040) Stream added, broadcasting: 1
I0414 12:35:36.847226  137812 log.go:244] (0xc000166bb0) Reply frame received for 1
I0414 12:35:36.847260  137812 log.go:244] (0xc000811040) (1) Writing data frame
I0414 12:35:36.847346  137812 log.go:244] (0xc000166bb0) (0xc000788780) Create stream
I0414 12:35:36.847364  137812 log.go:244] (0xc000166bb0) (0xc000788780) Stream added, broadcasting: 3
I0414 12:35:36.848471  137812 log.go:244] (0xc000166bb0) Reply frame received for 3
I0414 12:35:36.848515  137812 log.go:244] (0xc000788780) (3) Writing data frame
I0414 12:35:36.852650  137812 log.go:244] (0xc000166bb0) Data frame received for 3
I0414 12:35:36.852705  137812 log.go:244] (0xc000788780) (3) Data frame handling
I0414 12:35:36.852715  137812 log.go:244] (0xc000788780) (3) Data frame sent
I0414 12:35:36.852890  137812 log.go:244] (0xc000788780) (3) Writing data frame
I0414 12:35:36.854572  137812 log.go:244] (0xc000166bb0) Data frame received for 3
I0414 12:35:36.854610  137812 log.go:244] (0xc000788780) (3) Data frame handling
I0414 12:35:36.854622  137812 log.go:244] (0xc000166bb0) (0xc000788780) Stream removed, broadcasting: 3
I0414 12:35:36.854633  137812 log.go:244] (0xc000166bb0) (0xc000788780) Stream removed, broadcasting: 3
I0414 12:35:36.854637  137812 log.go:244] (0xc000166bb0) Data frame received for 1
I0414 12:35:36.854643  137812 log.go:244] (0xc000811040) (1) Data frame handling
I0414 12:35:36.854646  137812 log.go:244] (0xc000166bb0) (0xc000811040) Stream removed, broadcasting: 1
Forwarding from 127.0.0.1:6379 -> 6379
Handling connection for 6379
I0414 12:36:08.510604  138872 log.go:244] (0xc000668160) (0xc000662280) Create stream
I0414 12:36:08.510653  138872 log.go:244] (0xc000668160) (0xc000662280) Stream added, broadcasting: 1
I0414 12:36:08.512036  138872 log.go:244] (0xc000668160) Reply frame received for 1
I0414 12:36:08.512077  138872 log.go:244] (0xc000662280) (1) Writing data frame
I0414 12:36:08.512152  138872 log.go:244] (0xc000668160) (0xc0004b5c20) Create stream
I0414 12:36:08.512171  138872 log.go:244] (0xc000668160) (0xc0004b5c20) Stream added, broadcasting: 3
I0414 12:36:08.512576  138872 log.go:244] (0xc000668160) Reply frame received for 3
I0414 12:36:08.512656  138872 log.go:244] (0xc0004b5c20) (3) Writing data frame
I0414 12:36:08.516800  138872 log.go:244] (0xc000668160) Data frame received for 3
I0414 12:36:08.516832  138872 log.go:244] (0xc0004b5c20) (3) Data frame handling
I0414 12:36:08.516838  138872 log.go:244] (0xc0004b5c20) (3) Data frame sent
I0414 12:36:08.516940  138872 log.go:244] (0xc0004b5c20) (3) Writing data frame
I0414 12:36:08.518033  138872 log.go:244] (0xc000668160) Data frame received for 3
I0414 12:36:08.518064  138872 log.go:244] (0xc0004b5c20) (3) Data frame handling
I0414 12:36:08.518074  138872 log.go:244] (0xc000668160) (0xc0004b5c20) Stream removed, broadcasting: 3
I0414 12:36:08.518084  138872 log.go:244] (0xc000668160) (0xc0004b5c20) Stream removed, broadcasting: 3
I0414 12:36:08.518089  138872 log.go:244] (0xc000668160) Data frame received for 1
I0414 12:36:08.518095  138872 log.go:244] (0xc000662280) (1) Data frame handling
I0414 12:36:08.518098  138872 log.go:244] (0xc000668160) (0xc000662280) Stream removed, broadcasting: 1
Handling connection for 6379
I0414 12:37:13.919346  138872 log.go:244] (0xc000668160) (0xc000687e00) Create stream
I0414 12:37:13.919364  138872 log.go:244] (0xc000668160) (0xc000687e00) Stream added, broadcasting: 5
I0414 12:37:13.920454  138872 log.go:244] (0xc000668160) Reply frame received for 5
I0414 12:37:13.920528  138872 log.go:244] (0xc000687e00) (5) Writing data frame
I0414 12:37:13.920580  138872 log.go:244] (0xc000668160) (0xc000662320) Create stream
I0414 12:37:13.920586  138872 log.go:244] (0xc000668160) (0xc000662320) Stream added, broadcasting: 7
I0414 12:37:13.921800  138872 log.go:244] (0xc000668160) Reply frame received for 7
I0414 12:37:13.922137  138872 log.go:244] (0xc000662320) (7) Writing data frame
I0414 12:37:13.927516  138872 log.go:244] (0xc000668160) Data frame received for 7
I0414 12:37:13.927572  138872 log.go:244] (0xc000662320) (7) Data frame handling
I0414 12:37:13.927589  138872 log.go:244] (0xc000662320) (7) Data frame sent
I0414 12:37:13.927736  138872 log.go:244] (0xc000662320) (7) Writing data frame
I0414 12:37:13.928846  138872 log.go:244] (0xc000668160) Data frame received for 7
I0414 12:37:13.928900  138872 log.go:244] (0xc000662320) (7) Data frame handling
I0414 12:37:13.928910  138872 log.go:244] (0xc000668160) (0xc000662320) Stream removed, broadcasting: 7
I0414 12:37:13.928920  138872 log.go:244] (0xc000668160) Data frame received for 5
I0414 12:37:13.928936  138872 log.go:244] (0xc000668160) (0xc000662320) Stream removed, broadcasting: 7
I0414 12:37:13.928943  138872 log.go:244] (0xc000687e00) (5) Data frame handling
I0414 12:37:13.928946  138872 log.go:244] (0xc000668160) (0xc000687e00) Stream removed, broadcasting: 5
Handling connection for 6379
I0414 12:43:06.297009  138872 log.go:244] (0xc000668160) (0xc0004b4140) Create stream
I0414 12:43:06.297023  138872 log.go:244] (0xc000668160) (0xc0004b4140) Stream added, broadcasting: 9
I0414 12:43:06.298471  138872 log.go:244] (0xc000668160) Reply frame received for 9
I0414 12:43:06.298556  138872 log.go:244] (0xc0004b4140) (9) Writing data frame
I0414 12:43:06.298706  138872 log.go:244] (0xc000668160) (0xc000834000) Create stream
I0414 12:43:06.298734  138872 log.go:244] (0xc000668160) (0xc000834000) Stream added, broadcasting: 11
I0414 12:43:06.299282  138872 log.go:244] (0xc000668160) Reply frame received for 11
I0414 12:43:06.299450  138872 log.go:244] (0xc000834000) (11) Writing data frame
I0414 12:43:06.303447  138872 log.go:244] (0xc000668160) Data frame received for 11
I0414 12:43:06.303467  138872 log.go:244] (0xc000834000) (11) Data frame handling
I0414 12:43:06.303472  138872 log.go:244] (0xc000834000) (11) Data frame sent
I0414 12:43:06.303616  138872 log.go:244] (0xc000834000) (11) Writing data frame
I0414 12:43:06.304567  138872 log.go:244] (0xc000668160) Data frame received for 11
I0414 12:43:06.304579  138872 log.go:244] (0xc000834000) (11) Data frame handling
I0414 12:43:06.304585  138872 log.go:244] (0xc000668160) Data frame received for 9
I0414 12:43:06.304599  138872 log.go:244] (0xc000668160) (0xc000834000) Stream removed, broadcasting: 11
I0414 12:43:06.304606  138872 log.go:244] (0xc0004b4140) (9) Data frame handling
I0414 12:43:06.304612  138872 log.go:244] (0xc000668160) (0xc000834000) Stream removed, broadcasting: 11
I0414 12:43:06.304651  138872 log.go:244] (0xc000668160) (0xc0004b4140) Stream removed, broadcasting: 9
Handling connection for 6379
I0414 12:59:54.551736  138872 log.go:244] (0xc000668160) (0xc000834000) Create stream
I0414 12:59:54.551772  138872 log.go:244] (0xc000668160) (0xc000834000) Stream added, broadcasting: 13
I0414 12:59:54.553287  138872 log.go:244] (0xc000668160) Reply frame received for 13
I0414 12:59:54.553317  138872 log.go:244] (0xc000834000) (13) Writing data frame
I0414 12:59:54.553395  138872 log.go:244] (0xc000668160) (0xc0004b4140) Create stream
I0414 12:59:54.553411  138872 log.go:244] (0xc000668160) (0xc0004b4140) Stream added, broadcasting: 15
I0414 12:59:54.553861  138872 log.go:244] (0xc000668160) Reply frame received for 15
I0414 12:59:54.553905  138872 log.go:244] (0xc0004b4140) (15) Writing data frame
I0414 12:59:54.558122  138872 log.go:244] (0xc000668160) Data frame received for 15
I0414 12:59:54.558152  138872 log.go:244] (0xc0004b4140) (15) Data frame handling
I0414 12:59:54.558159  138872 log.go:244] (0xc0004b4140) (15) Data frame sent
I0414 12:59:54.558291  138872 log.go:244] (0xc0004b4140) (15) Writing data frame
I0414 12:59:54.559323  138872 log.go:244] (0xc000668160) Data frame received for 15
I0414 12:59:54.559348  138872 log.go:244] (0xc0004b4140) (15) Data frame handling
I0414 12:59:54.559355  138872 log.go:244] (0xc000668160) (0xc0004b4140) Stream removed, broadcasting: 15
I0414 12:59:54.559363  138872 log.go:244] (0xc000668160) (0xc0004b4140) Stream removed, broadcasting: 15
I0414 12:59:54.559369  138872 log.go:244] (0xc000668160) Data frame received for 13
I0414 12:59:54.559371  138872 log.go:244] (0xc000834000) (13) Data frame handling
I0414 12:59:54.559374  138872 log.go:244] (0xc000668160) (0xc000834000) Stream removed, broadcasting: 13
Handling connection for 6379
I0414 13:02:30.290849  138872 log.go:244] (0xc000668160) (0xc0004b4140) Create stream
I0414 13:02:30.290865  138872 log.go:244] (0xc000668160) (0xc0004b4140) Stream added, broadcasting: 17
I0414 13:02:30.291428  138872 log.go:244] (0xc000668160) Reply frame received for 17
I0414 13:02:30.291461  138872 log.go:244] (0xc0004b4140) (17) Writing data frame
I0414 13:02:30.291508  138872 log.go:244] (0xc000668160) (0xc000834000) Create stream
I0414 13:02:30.291514  138872 log.go:244] (0xc000668160) (0xc000834000) Stream added, broadcasting: 19
I0414 13:02:30.292056  138872 log.go:244] (0xc000668160) Reply frame received for 19
I0414 13:02:30.292096  138872 log.go:244] (0xc000834000) (19) Writing data frame
I0414 13:02:30.295940  138872 log.go:244] (0xc000668160) Data frame received for 19
I0414 13:02:30.295970  138872 log.go:244] (0xc000834000) (19) Data frame handling
I0414 13:02:30.295988  138872 log.go:244] (0xc000834000) (19) Data frame sent
I0414 13:02:30.296108  138872 log.go:244] (0xc000834000) (19) Writing data frame
I0414 13:02:30.297029  138872 log.go:244] (0xc000668160) Data frame received for 19
I0414 13:02:30.297044  138872 log.go:244] (0xc000834000) (19) Data frame handling
I0414 13:02:30.297050  138872 log.go:244] (0xc000668160) (0xc000834000) Stream removed, broadcasting: 19
I0414 13:02:30.297056  138872 log.go:244] (0xc000668160) (0xc000834000) Stream removed, broadcasting: 19
I0414 13:02:30.297063  138872 log.go:244] (0xc000668160) Data frame received for 17
I0414 13:02:30.297078  138872 log.go:244] (0xc0004b4140) (17) Data frame handling
I0414 13:02:30.297083  138872 log.go:244] (0xc000668160) (0xc0004b4140) Stream removed, broadcasting: 17
Forwarding from 127.0.0.1:6379 -> 6379
Handling connection for 6379
Forwarding from 127.0.0.1:6379 -> 6379
Handling connection for 6379
Handling connection for 6379
Forwarding from 127.0.0.1:6379 -> 6379
Forwarding from 127.0.0.1:6379 -> 6379
Forwarding from 127.0.0.1:6379 -> 6379
Forwarding from 127.0.0.1:6379 -> 6379
Forwarding from 127.0.0.1:6379 -> 6379
Forwarding from 127.0.0.1:6379 -> 6379
Forwarding from 127.0.0.1:6379 -> 6379
Forwarding from 127.0.0.1:6379 -> 6379
Forwarding from 127.0.0.1:6379 -> 6379
Forwarding from 127.0.0.1:6379 -> 6379
Forwarding from 127.0.0.1:6379 -> 6379
Forwarding from 127.0.0.1:6379 -> 6379
Forwarding from 127.0.0.1:6379 -> 6379
Forwarding from 127.0.0.1:6379 -> 6379
Forwarding from 127.0.0.1:6379 -> 6379
Forwarding from 127.0.0.1:6379 -> 6379
Forwarding from 127.0.0.1:6379 -> 6379
Forwarding from 127.0.0.1:6379 -> 6379
Forwarding from 127.0.0.1:6379 -> 6379
Forwarding from 127.0.0.1:6379 -> 6379
Forwarding from 127.0.0.1:6379 -> 6379
Forwarding from 127.0.0.1:6379 -> 6379
Forwarding from 127.0.0.1:6379 -> 6379
Handling connection for 6379
I0416 21:35:01.031051  179987 log.go:244] (0xc0008204d0) (0xc000988000) Create stream
I0416 21:35:01.031120  179987 log.go:244] (0xc0008204d0) (0xc000988000) Stream added, broadcasting: 1
I0416 21:35:01.032472  179987 log.go:244] (0xc0008204d0) Reply frame received for 1
I0416 21:35:01.032506  179987 log.go:244] (0xc000988000) (1) Writing data frame
I0416 21:35:01.032579  179987 log.go:244] (0xc0008204d0) (0xc00078c000) Create stream
I0416 21:35:01.032587  179987 log.go:244] (0xc0008204d0) (0xc00078c000) Stream added, broadcasting: 3
I0416 21:35:01.033035  179987 log.go:244] (0xc0008204d0) Reply frame received for 3
I0416 21:35:01.033123  179987 log.go:244] (0xc00078c000) (3) Writing data frame
I0416 21:35:01.037600  179987 log.go:244] (0xc0008204d0) Data frame received for 3
I0416 21:35:01.037632  179987 log.go:244] (0xc00078c000) (3) Data frame handling
I0416 21:35:01.037638  179987 log.go:244] (0xc00078c000) (3) Data frame sent
I0416 21:35:01.037773  179987 log.go:244] (0xc00078c000) (3) Writing data frame
I0416 21:35:01.039205  179987 log.go:244] (0xc0008204d0) Data frame received for 3
I0416 21:35:01.039248  179987 log.go:244] (0xc00078c000) (3) Data frame handling
I0416 21:35:01.039256  179987 log.go:244] (0xc0008204d0) (0xc00078c000) Stream removed, broadcasting: 3
I0416 21:35:01.039268  179987 log.go:244] (0xc0008204d0) Data frame received for 1
I0416 21:35:01.039291  179987 log.go:244] (0xc0008204d0) (0xc00078c000) Stream removed, broadcasting: 3
I0416 21:35:01.039305  179987 log.go:244] (0xc000988000) (1) Data frame handling
I0416 21:35:01.039309  179987 log.go:244] (0xc0008204d0) (0xc000988000) Stream removed, broadcasting: 1
I0416 21:56:02.191918  179987 log.go:244] frame read error: websocket: close 1006 (abnormal closure): unexpected EOF
error: lost connection to pod
Forwarding from 127.0.0.1:6379 -> 6379
